<?xml version="1.0" encoding="UTF-8"?>
<testng-results skipped="0" failed="0" ignored="0" total="1" passed="1">
  <reporter-output>
  </reporter-output>
  <suite name="Default suite" duration-ms="13564" started-at="2020-05-18T03:31:44Z" finished-at="2020-05-18T03:31:58Z">
    <groups>
    </groups>
    <test name="Default test" duration-ms="13564" started-at="2020-05-18T03:31:44Z" finished-at="2020-05-18T03:31:58Z">
      <class name="com.testcases.OHRMloginusingPOMTestcases">
        <test-method status="PASS" signature="startUp()[pri:0, instance:com.testcases.OHRMloginusingPOMTestcases@262b2c86]" name="startUp" is-config="true" duration-ms="11060" started-at="2020-05-18T03:31:44Z" finished-at="2020-05-18T03:31:55Z">
          <reporter-output>
          </reporter-output>
        </test-method> <!-- startUp -->
        <test-method status="PASS" signature="loginpage()[pri:0, instance:com.testcases.OHRMloginusingPOMTestcases@262b2c86]" name="loginpage" duration-ms="1248" started-at="2020-05-18T03:31:55Z" finished-at="2020-05-18T03:31:56Z">
          <reporter-output>
          </reporter-output>
        </test-method> <!-- loginpage -->
        <test-method status="PASS" signature="close()[pri:0, instance:com.testcases.OHRMloginusingPOMTestcases@262b2c86]" name="close" is-config="true" duration-ms="1231" started-at="2020-05-18T03:31:56Z" finished-at="2020-05-18T03:31:58Z">
          <reporter-output>
          </reporter-output>
        </test-method> <!-- close -->
      </class> <!-- com.testcases.OHRMloginusingPOMTestcases -->
    </test> <!-- Default test -->
  </suite> <!-- Default suite -->
</testng-results>
